  vector.cpp
C:\Users\andro\Desktop\DAFE_CPP_013\Artem_Androsov\vector\vector\vector.cpp(59,22): error C2664: "vector3<int,std::allocator<T>>::vector3(vector3<T,std::allocator<T>> &&)": невозможно преобразовать аргумент 1 из "int" в "const vector3<int,std::allocator<T>> &"
          with
          [
              T=int
          ]
C:\Users\andro\Desktop\DAFE_CPP_013\Artem_Androsov\vector\vector\vector.cpp(59,22): message : Причина: невозможно преобразовать "int" в "const vector3<int,std::allocator<T>>"
          with
          [
              T=int
          ]
C:\Users\andro\Desktop\DAFE_CPP_013\Artem_Androsov\vector\vector\vector.cpp(59,22): message : Ни один конструктор не смог принять исходный тип, либо разрешение перегрузки конструктора неоднозначно
C:\Users\andro\Desktop\DAFE_CPP_013\Artem_Androsov\vector\vector\vector3.h(56,2): message : см. объявление "vector3<int,std::allocator<T>>::vector3"
          with
          [
              T=int
          ]
  vector3.cpp
C:\Users\andro\Desktop\DAFE_CPP_013\Artem_Androsov\vector\vector\vector3.cpp(4,13): error C2988: неопознанное объявление или определение шаблона
C:\Users\andro\Desktop\DAFE_CPP_013\Artem_Androsov\vector\vector\vector3.cpp(4,13): error C2143: синтаксическая ошибка: отсутствие ";" перед "<"
C:\Users\andro\Desktop\DAFE_CPP_013\Artem_Androsov\vector\vector\vector3.cpp(4,13): error C2059: синтаксическая ошибка: <
C:\Users\andro\Desktop\DAFE_CPP_013\Artem_Androsov\vector\vector\vector3.cpp(5,1): error C2039: "vector3_base": не является членом "`global namespace'".
C:\Users\andro\Desktop\DAFE_CPP_013\Artem_Androsov\vector\vector\vector3.cpp(6,10): error C2065: alloc: необъявленный идентификатор
C:\Users\andro\Desktop\DAFE_CPP_013\Artem_Androsov\vector\vector\vector3.cpp(6,27): error C4430: отсутствует спецификатор типа - предполагается int. Примечание. C++ не поддерживает int по умолчанию
C:\Users\andro\Desktop\DAFE_CPP_013\Artem_Androsov\vector\vector\vector3.cpp(6,34): error C4430: отсутствует спецификатор типа - предполагается int. Примечание. C++ не поддерживает int по умолчанию
C:\Users\andro\Desktop\DAFE_CPP_013\Artem_Androsov\vector\vector\vector3.cpp(6,44): error C4430: отсутствует спецификатор типа - предполагается int. Примечание. C++ не поддерживает int по умолчанию
C:\Users\andro\Desktop\DAFE_CPP_013\Artem_Androsov\vector\vector\vector3.cpp(6,46): error C2448: space: вероятно, инициализатор, использующий стиль функции, является определением функции
C:\Users\andro\Desktop\DAFE_CPP_013\Artem_Androsov\vector\vector\vector3.cpp(10,13): error C2988: неопознанное объявление или определение шаблона
C:\Users\andro\Desktop\DAFE_CPP_013\Artem_Androsov\vector\vector\vector3.cpp(10,13): error C2143: синтаксическая ошибка: отсутствие ";" перед "<"
C:\Users\andro\Desktop\DAFE_CPP_013\Artem_Androsov\vector\vector\vector3.cpp(10,13): error C2059: синтаксическая ошибка: <
C:\Users\andro\Desktop\DAFE_CPP_013\Artem_Androsov\vector\vector\vector3.cpp(11,1): error C2039: "vector3_base": не является членом "`global namespace'".
C:\Users\andro\Desktop\DAFE_CPP_013\Artem_Androsov\vector\vector\vector3.cpp(12,10): error C2065: alloc: необъявленный идентификатор
C:\Users\andro\Desktop\DAFE_CPP_013\Artem_Androsov\vector\vector\vector3.cpp(12,25): error C2065: n: необъявленный идентификатор
C:\Users\andro\Desktop\DAFE_CPP_013\Artem_Androsov\vector\vector\vector3.cpp(12,27): error C4430: отсутствует спецификатор типа - предполагается int. Примечание. C++ не поддерживает int по умолчанию
C:\Users\andro\Desktop\DAFE_CPP_013\Artem_Androsov\vector\vector\vector3.cpp(12,5): error C2374: elem: переопределение; множественная инициализация
C:\Users\andro\Desktop\DAFE_CPP_013\Artem_Androsov\vector\vector\vector3.cpp(6): message : см. объявление "elem"
C:\Users\andro\Desktop\DAFE_CPP_013\Artem_Androsov\vector\vector\vector3.cpp(12,33): error C2065: n: необъявленный идентификатор
C:\Users\andro\Desktop\DAFE_CPP_013\Artem_Androsov\vector\vector\vector3.cpp(12,34): error C4430: отсутствует спецификатор типа - предполагается int. Примечание. C++ не поддерживает int по умолчанию
C:\Users\andro\Desktop\DAFE_CPP_013\Artem_Androsov\vector\vector\vector3.cpp(12,30): error C2374: sz: переопределение; множественная инициализация
C:\Users\andro\Desktop\DAFE_CPP_013\Artem_Androsov\vector\vector\vector3.cpp(6): message : см. объявление "sz"
C:\Users\andro\Desktop\DAFE_CPP_013\Artem_Androsov\vector\vector\vector3.cpp(12,43): error C2065: n: необъявленный идентификатор
C:\Users\andro\Desktop\DAFE_CPP_013\Artem_Androsov\vector\vector\vector3.cpp(12,44): error C4430: отсутствует спецификатор типа - предполагается int. Примечание. C++ не поддерживает int по умолчанию
C:\Users\andro\Desktop\DAFE_CPP_013\Artem_Androsov\vector\vector\vector3.cpp(12,37): error C2374: space: переопределение; множественная инициализация
C:\Users\andro\Desktop\DAFE_CPP_013\Artem_Androsov\vector\vector\vector3.cpp(6): message : см. объявление "space"
C:\Users\andro\Desktop\DAFE_CPP_013\Artem_Androsov\vector\vector\vector3.cpp(12,46): error C2448: space: вероятно, инициализатор, использующий стиль функции, является определением функции
C:\Users\andro\Desktop\DAFE_CPP_013\Artem_Androsov\vector\vector\vector3.cpp(16,13): error C2988: неопознанное объявление или определение шаблона
C:\Users\andro\Desktop\DAFE_CPP_013\Artem_Androsov\vector\vector\vector3.cpp(16,13): error C2143: синтаксическая ошибка: отсутствие ";" перед "<"
C:\Users\andro\Desktop\DAFE_CPP_013\Artem_Androsov\vector\vector\vector3.cpp(16,13): error C2059: синтаксическая ошибка: <
C:\Users\andro\Desktop\DAFE_CPP_013\Artem_Androsov\vector\vector\vector3.cpp(17,1): error C2039: "vector3_base": не является членом "`global namespace'".
C:\Users\andro\Desktop\DAFE_CPP_013\Artem_Androsov\vector\vector\vector3.cpp(18,11): error C2065: a: необъявленный идентификатор
C:\Users\andro\Desktop\DAFE_CPP_013\Artem_Androsov\vector\vector\vector3.cpp(18,12): error C4430: отсутствует спецификатор типа - предполагается int. Примечание. C++ не поддерживает int по умолчанию
C:\Users\andro\Desktop\DAFE_CPP_013\Artem_Androsov\vector\vector\vector3.cpp(18,35): error C2065: n: необъявленный идентификатор
C:\Users\andro\Desktop\DAFE_CPP_013\Artem_Androsov\vector\vector\vector3.cpp(18,37): error C4430: отсутствует спецификатор типа - предполагается int. Примечание. C++ не поддерживает int по умолчанию
C:\Users\andro\Desktop\DAFE_CPP_013\Artem_Androsov\vector\vector\vector3.cpp(18,15): error C2374: elem: переопределение; множественная инициализация
C:\Users\andro\Desktop\DAFE_CPP_013\Artem_Androsov\vector\vector\vector3.cpp(6): message : см. объявление "elem"
C:\Users\andro\Desktop\DAFE_CPP_013\Artem_Androsov\vector\vector\vector3.cpp(18,43): error C2065: n: необъявленный идентификатор
C:\Users\andro\Desktop\DAFE_CPP_013\Artem_Androsov\vector\vector\vector3.cpp(18,44): error C4430: отсутствует спецификатор типа - предполагается int. Примечание. C++ не поддерживает int по умолчанию
C:\Users\andro\Desktop\DAFE_CPP_013\Artem_Androsov\vector\vector\vector3.cpp(18,40): error C2374: sz: переопределение; множественная инициализация
C:\Users\andro\Desktop\DAFE_CPP_013\Artem_Androsov\vector\vector\vector3.cpp(6): message : см. объявление "sz"
C:\Users\andro\Desktop\DAFE_CPP_013\Artem_Androsov\vector\vector\vector3.cpp(18,53): error C2065: n: необъявленный идентификатор
C:\Users\andro\Desktop\DAFE_CPP_013\Artem_Androsov\vector\vector\vector3.cpp(18,54): error C4430: отсутствует спецификатор типа - предполагается int. Примечание. C++ не поддерживает int по умолчанию
C:\Users\andro\Desktop\DAFE_CPP_013\Artem_Androsov\vector\vector\vector3.cpp(18,47): error C2374: space: переопределение; множественная инициализация
C:\Users\andro\Desktop\DAFE_CPP_013\Artem_Androsov\vector\vector\vector3.cpp(6): message : см. объявление "space"
C:\Users\andro\Desktop\DAFE_CPP_013\Artem_Androsov\vector\vector\vector3.cpp(18,56): error C2448: space: вероятно, инициализатор, использующий стиль функции, является определением функции
C:\Users\andro\Desktop\DAFE_CPP_013\Artem_Androsov\vector\vector\vector3.cpp(23,32): fatal error C1903: не удается восстановить после предыдущих ошибок; остановка компиляции
  ВНУТРЕННЯЯ ОШИБКА КОМПИЛЯТОРА в "C:\Program Files (x86)\Microsoft Visual Studio\2019\Community\VC\Tools\MSVC\14.27.29110\bin\HostX86\x86\CL.exe"
      Выберите команду "Техническая поддержка" в меню "Справка" Visual C++ или
      откройте справочный файл технической поддержки для получения доп. сведений
